-------------------------------------------------------------------------------
Test set: OrdersListTest
-------------------------------------------------------------------------------
Tests run: 5, Failures: 1, Errors: 0, Skipped: 0, Time elapsed: 11.439 s <<< FAILURE! - in OrdersListTest
testGetOrdersByStationReturnsFilteredList(OrdersListTest)  Time elapsed: 2.172 s  <<< FAILURE!
java.lang.AssertionError: 
1 expectation failed.
JSON path orders.metroStation doesn't match.
Expected: every item is "3"
  Actual: <[110, 111, 112, 113, 114, 4, 4, 4, 4, 105, 106, 107, 108, 109, 78, 8, emxhidsuay, 2, 6, 5, Marsianskaya, Marsianskaya, Marsianskaya, Marsianskaya, Marsianskaya, Marsianskaya, Marsianskaya, Marsianskaya, Marsianskaya, Marsianskaya]>

	at OrdersListTest.testGetOrdersByStationReturnsFilteredList(OrdersListTest.java:79)

